c:\users\user\documents\vs\cursocpp\clase10\gameloop\x64\debug\vc143.pdb
c:\users\user\documents\vs\cursocpp\clase10\gameloop\x64\debug\vc143.idb
c:\users\user\documents\vs\cursocpp\clase10\gameloop\x64\debug\main.obj
c:\users\user\documents\vs\cursocpp\clase10\gameloop\x64\debug\game.obj
c:\users\user\documents\vs\cursocpp\clase10\gameloop\x64\debug\entity.obj
c:\users\user\documents\vs\cursocpp\clase10\gameloop\x64\debug\sprite.obj
c:\users\user\documents\vs\cursocpp\clase10\gameloop\x64\debug\hat.obj
c:\users\user\documents\vs\cursocpp\clase10\gameloop\x64\debug\ball.obj
c:\users\user\documents\vs\cursocpp\clase11\gameloop\x64\debug\vc143.pdb
c:\users\user\documents\vs\cursocpp\clase11\gameloop\x64\debug\vc143.idb
c:\users\user\documents\vs\cursocpp\clase11\gameloop\x64\debug\sprite.obj
c:\users\user\documents\vs\cursocpp\clase11\gameloop\x64\debug\main.obj
c:\users\user\documents\vs\cursocpp\clase11\gameloop\x64\debug\hat.obj
c:\users\user\documents\vs\cursocpp\clase11\gameloop\x64\debug\game.obj
c:\users\user\documents\vs\cursocpp\clase11\gameloop\x64\debug\entity.obj
c:\users\user\documents\vs\cursocpp\clase11\gameloop\x64\debug\ball.obj
c:\users\user\documents\vs\cursocpp\clase11\gameloop\x64\debug\entitymanager.obj
c:\users\user\documents\vs\cursocpp\proyectofinal\gameloop\x64\debug\vc143.pdb
c:\users\user\documents\vs\cursocpp\proyectofinal\gameloop\x64\debug\vc143.idb
c:\users\user\documents\vs\cursocpp\imageproject\gameloop\x64\debug\vc143.pdb
c:\users\user\documents\vs\cursocpp\imageproject\gameloop\x64\debug\vc143.idb
c:\users\user\documents\vs\cursocpp\imageproject\gameloop\x64\debug\player.obj
c:\users\user\documents\vs\cursocpp\imageproject\gameloop\x64\debug\sprite.obj
c:\users\user\documents\vs\cursocpp\imageproject\gameloop\x64\debug\resourcemanager.obj
c:\users\user\documents\vs\cursocpp\imageproject\gameloop\x64\debug\playerbullet.obj
c:\users\user\documents\vs\cursocpp\imageproject\gameloop\x64\debug\movable.obj
c:\users\user\documents\vs\cursocpp\imageproject\gameloop\x64\debug\main.obj
c:\users\user\documents\vs\cursocpp\imageproject\gameloop\x64\debug\game.obj
c:\users\user\documents\vs\cursocpp\imageproject\gameloop\x64\debug\entitymanager.obj
c:\users\user\documents\vs\cursocpp\imageproject\gameloop\x64\debug\entity.obj
c:\users\user\documents\vs\cursocpp\imageproject\gameloop\x64\debug\enemy.obj
c:\users\user\documents\vs\cursocpp\clase10\x64\debug\gameloop.exe
c:\users\user\documents\vs\cursocpp\clase10\gameloop\x64\debug\gameloop.ilk
c:\users\user\documents\vs\cursocpp\clase10\x64\debug\gameloop.pdb
c:\users\user\documents\vs\cursocpp\clase11\x64\debug\gameloop.exe
c:\users\user\documents\vs\cursocpp\clase11\gameloop\x64\debug\gameloop.ilk
c:\users\user\documents\vs\cursocpp\clase11\x64\debug\gameloop.pdb
c:\users\user\documents\vs\cursocpp\imageproject\x64\debug\gameloop.exe
c:\users\user\documents\vs\cursocpp\imageproject\gameloop\x64\debug\gameloop.ilk
c:\users\user\documents\vs\cursocpp\imageproject\x64\debug\gameloop.pdb
c:\users\user\documents\vs\cursocpp\imageproject\gameloop\x64\debug\ball.obj
c:\users\user\documents\vs\cursocpp\imageproject\gameloop\x64\debug\hat.obj
c:\users\user\documents\vs\cursocpp\imageproject\gameloop\x64\debug\movableobject.obj
c:\users\user\documents\vs\cursocpp\imageproject\gameloop\x64\debug\object.obj
c:\users\user\documents\vs\cursocpp\imageproject\gameloop\x64\debug\gameloop.tlog\cl.command.1.tlog
c:\users\user\documents\vs\cursocpp\imageproject\gameloop\x64\debug\gameloop.tlog\cl.read.1.tlog
c:\users\user\documents\vs\cursocpp\imageproject\gameloop\x64\debug\gameloop.tlog\cl.write.1.tlog
c:\users\user\documents\vs\cursocpp\imageproject\gameloop\x64\debug\gameloop.tlog\link.command.1.tlog
c:\users\user\documents\vs\cursocpp\imageproject\gameloop\x64\debug\gameloop.tlog\link.read.1.tlog
c:\users\user\documents\vs\cursocpp\imageproject\gameloop\x64\debug\gameloop.tlog\link.write.1.tlog
